<?xml version="1.0" encoding="UTF-8"?>
<testng-results skipped="0" failed="0" ignored="0" total="4" passed="4">
  <reporter-output>
  </reporter-output>
  <suite name="Suite" duration-ms="74" started-at="2021-10-24T11:48:05 IST" finished-at="2021-10-24T11:48:05 IST">
    <groups>
    </groups>
    <test name="Test" duration-ms="74" started-at="2021-10-24T11:48:05 IST" finished-at="2021-10-24T11:48:05 IST">
      <class name="qaclickacademy.RESTAPITest">
        <test-method status="PASS" signature="deleteTwitter()[pri:0, instance:qaclickacademy.RESTAPITest@5f341870]" name="deleteTwitter" duration-ms="0" started-at="2021-10-24T11:48:05 IST" finished-at="2021-10-24T11:48:05 IST">
          <reporter-output>
          </reporter-output>
        </test-method> <!-- deleteTwitter -->
        <test-method status="PASS" signature="postJira()[pri:0, instance:qaclickacademy.RESTAPITest@5f341870]" name="postJira" duration-ms="0" started-at="2021-10-24T11:48:05 IST" finished-at="2021-10-24T11:48:05 IST">
          <reporter-output>
          </reporter-output>
        </test-method> <!-- postJira -->
      </class> <!-- qaclickacademy.RESTAPITest -->
      <class name="qaclickacademy.SeleniumTest">
        <test-method status="PASS" signature="BrowserAUtomation()[pri:0, instance:qaclickacademy.SeleniumTest@146ba0ac]" name="BrowserAUtomation" duration-ms="7" started-at="2021-10-24T11:48:05 IST" finished-at="2021-10-24T11:48:05 IST">
          <reporter-output>
          </reporter-output>
        </test-method> <!-- BrowserAUtomation -->
        <test-method status="PASS" signature="elementsUi()[pri:0, instance:qaclickacademy.SeleniumTest@146ba0ac]" name="elementsUi" duration-ms="0" started-at="2021-10-24T11:48:05 IST" finished-at="2021-10-24T11:48:05 IST">
          <reporter-output>
          </reporter-output>
        </test-method> <!-- elementsUi -->
      </class> <!-- qaclickacademy.SeleniumTest -->
    </test> <!-- Test -->
  </suite> <!-- Suite -->
</testng-results>
